15:18:45.198 [main] INFO  com.intuit.karate.RunnerOptions - found system property 'karate.options': -t @IOI_forthedemo
15:18:45.894 [main] INFO  com.intuit.karate.Runner - Karate version: 0.9.2
15:18:46.365 [pool-1-thread-1] DEBUG com.intuit.karate - request:
1 > POST http://ilex-test-fe-lb-317145507.ap-southeast-1.elb.amazonaws.com/api/trade/login
1 > Accept-Encoding: gzip,deflate
1 > Connection: Keep-Alive
1 > Content-Length: 51
1 > Content-Type: application/json; charset=UTF-8
1 > Host: ilex-test-fe-lb-317145507.ap-southeast-1.elb.amazonaws.com
1 > User-Agent: Apache-HttpClient/4.5.5 (Java/13.0.2)
{"username":"Buyer@comp.com","password":"password"}

15:18:47.067 [pool-1-thread-1] DEBUG com.intuit.karate - response time in milliseconds: 697.20
1 < 200
1 < Cache-Control: no-cache, no-store, max-age=0, must-revalidate
1 < Connection: keep-alive
1 < Content-Type: application/json;charset=ISO-8859-1
1 < Date: Sat, 18 Apr 2020 07:18:47 GMT
1 < Expires: 0
1 < Pragma: no-cache
1 < Server: nginx/1.17.9
1 < Set-Cookie: SESSION=NWMxMWI4OWYtM2MyMy00YTcwLWI5ZDktN2U3ZWYxMGNmYjBl; Path=/; HttpOnly; SameSite=Lax
1 < Transfer-Encoding: chunked
1 < X-Content-Type-Options: nosniff
1 < X-Frame-Options: DENY
1 < X-XSS-Protection: 1; mode=block
{"firstName":"Test Buyer","lastName":"Lastname","emailAddress":"Buyer@comp.com","role":["USER"],"userId":2,"company":{"id":39347,"name":"Scotiabank","legalName":null,"type":null,"description":null,"parentEntity":null,"country":null,"website":null,"logo":null,"refinitivLenderId":null,"refinitivParent":null,"ilexType":null,"timeZone":null,"status":null}}

15:18:47.100 [pool-1-thread-1] INFO  com.intuit.karate - [print]
15:18:47.206 [ForkJoinPool-1-worker-3] DEBUG com.intuit.karate - request:
1 > POST http://ilex-test-fe-lb-317145507.ap-southeast-1.elb.amazonaws.com/api/trade/login
1 > Accept-Encoding: gzip,deflate
1 > Connection: Keep-Alive
1 > Content-Length: 51
1 > Content-Type: application/json; charset=UTF-8
1 > Host: ilex-test-fe-lb-317145507.ap-southeast-1.elb.amazonaws.com
1 > User-Agent: Apache-HttpClient/4.5.5 (Java/13.0.2)
{"username":"Buyer@comp.com","password":"password"}

15:18:47.520 [ForkJoinPool-1-worker-3] DEBUG com.intuit.karate - response time in milliseconds: 313.55
1 < 200
1 < Cache-Control: no-cache, no-store, max-age=0, must-revalidate
1 < Connection: keep-alive
1 < Content-Type: application/json;charset=ISO-8859-1
1 < Date: Sat, 18 Apr 2020 07:18:47 GMT
1 < Expires: 0
1 < Pragma: no-cache
1 < Server: nginx/1.17.9
1 < Set-Cookie: SESSION=YWU2MzljM2ItYzcwMS00YjI0LWExYTMtODU5NTc2NTdjYjYx; Path=/; HttpOnly; SameSite=Lax
1 < Transfer-Encoding: chunked
1 < X-Content-Type-Options: nosniff
1 < X-Frame-Options: DENY
1 < X-XSS-Protection: 1; mode=block
{"firstName":"Test Buyer","lastName":"Lastname","emailAddress":"Buyer@comp.com","role":["USER"],"userId":2,"company":{"id":39347,"name":"Scotiabank","legalName":null,"type":null,"description":null,"parentEntity":null,"country":null,"website":null,"logo":null,"refinitivLenderId":null,"refinitivParent":null,"ilexType":null,"timeZone":null,"status":null}}

15:18:47.524 [ForkJoinPool-1-worker-3] INFO  com.intuit.karate - [print]
15:18:57.795 [ForkJoinPool-1-worker-3] INFO  com.intuit.karate - [print] DB Cleared
15:19:07.823 [ForkJoinPool-1-worker-3] INFO  com.intuit.karate - [print] Count After Truncating Database Table-----------------> 0
15:19:07.845 [ForkJoinPool-1-worker-3] DEBUG com.intuit.karate - request:
1 > POST http://ilex-test-fe-lb-317145507.ap-southeast-1.elb.amazonaws.com/api/trade/v1/buyinterests/?action=SUBMITTED
1 > Accept-Encoding: gzip,deflate
1 > Connection: Keep-Alive
1 > Content-Length: 498
1 > Content-Type: application/json; charset=UTF-8
1 > Cookie: SESSION=NWMxMWI4OWYtM2MyMy00YTcwLWI5ZDktN2U3ZWYxMGNmYjBl
1 > Host: ilex-test-fe-lb-317145507.ap-southeast-1.elb.amazonaws.com
1 > User-Agent: Apache-HttpClient/4.5.5 (Java/13.0.2)
{"name":"ioi-100","goodUntil":null,"borrowers":[],"industries":["Aerospace and Defense"],"countriesOfRisk":["AU"],"purposes":[],"facilitiesType":[],"currencies":[],"minSpread":"0","maxSpread":"300","minTicketSize":"50000000","maxTicketSize":"500000000","minResidualTenor":"3","maxResidualTenor":"10","transferTypes":[],"marketType":"ANY","security":"ANY","seniority":[],"greenLoan":"ANY","exportCreditAgency":"ANY","parentCountries":[],"investorType":[],"filterCompanies":[],"directInvitations":[]}

15:19:08.346 [ForkJoinPool-1-worker-3] DEBUG com.intuit.karate - response time in milliseconds: 500.11
1 < 201
1 < Cache-Control: no-cache, no-store, max-age=0, must-revalidate
1 < Connection: keep-alive
1 < Content-Type: application/json
1 < Date: Sat, 18 Apr 2020 07:19:08 GMT
1 < Expires: 0
1 < Pragma: no-cache
1 < Server: nginx/1.17.9
1 < Transfer-Encoding: chunked
1 < Vary: [Origin, Access-Control-Request-Method, Access-Control-Request-Headers]
1 < X-Content-Type-Options: nosniff
1 < X-Frame-Options: DENY
1 < X-XSS-Protection: 1; mode=block
{"buyInterestId":551,"name":"ioi-100","goodUntil":null,"status":"SUBMITTED","borrowers":[],"industries":["Aerospace and Defense"],"countriesOfRisk":["AU"],"purposes":[],"facilitiesType":[],"minSpread":"0","maxSpread":"300","minResidualTenor":"3","maxResidualTenor":"10","minTicketSize":"50000000","maxTicketSize":"500000000","currencies":[],"transferTypes":[],"seniority":[],"marketType":"ANY","security":"ANY","greenLoan":"ANY","exportCreditAgency":"ANY","parentCountries":[],"investorType":[],"filterCompanies":[],"directInvitations":[]}

15:19:08.354 [ForkJoinPool-1-worker-3] INFO  com.intuit.karate - [print] ----------IOIID------------->551
15:19:08.358 [ForkJoinPool-1-worker-3] DEBUG com.intuit.karate - request:
1 > POST http://ilex-test-fe-lb-317145507.ap-southeast-1.elb.amazonaws.com/api/trade/v1/buyinterests/?action=SUBMITTED
1 > Accept-Encoding: gzip,deflate
1 > Connection: Keep-Alive
1 > Content-Length: 498
1 > Content-Type: application/json; charset=UTF-8
1 > Cookie: SESSION=NWMxMWI4OWYtM2MyMy00YTcwLWI5ZDktN2U3ZWYxMGNmYjBl
1 > Host: ilex-test-fe-lb-317145507.ap-southeast-1.elb.amazonaws.com
1 > User-Agent: Apache-HttpClient/4.5.5 (Java/13.0.2)
{"name":"ioi-100","goodUntil":null,"borrowers":[],"industries":["Aerospace and Defense"],"countriesOfRisk":["AU"],"purposes":[],"facilitiesType":[],"currencies":[],"minSpread":"0","maxSpread":"300","minTicketSize":"50000000","maxTicketSize":"500000000","minResidualTenor":"3","maxResidualTenor":"10","transferTypes":[],"marketType":"ANY","security":"ANY","seniority":[],"greenLoan":"ANY","exportCreditAgency":"ANY","parentCountries":[],"investorType":[],"filterCompanies":[],"directInvitations":[]}

15:19:08.669 [ForkJoinPool-1-worker-3] DEBUG com.intuit.karate - response time in milliseconds: 310.59
1 < 201
1 < Cache-Control: no-cache, no-store, max-age=0, must-revalidate
1 < Connection: keep-alive
1 < Content-Type: application/json
1 < Date: Sat, 18 Apr 2020 07:19:08 GMT
1 < Expires: 0
1 < Pragma: no-cache
1 < Server: nginx/1.17.9
1 < Transfer-Encoding: chunked
1 < Vary: [Origin, Access-Control-Request-Method, Access-Control-Request-Headers]
1 < X-Content-Type-Options: nosniff
1 < X-Frame-Options: DENY
1 < X-XSS-Protection: 1; mode=block
{"buyInterestId":552,"name":"ioi-100","goodUntil":null,"status":"SUBMITTED","borrowers":[],"industries":["Aerospace and Defense"],"countriesOfRisk":["AU"],"purposes":[],"facilitiesType":[],"minSpread":"0","maxSpread":"300","minResidualTenor":"3","maxResidualTenor":"10","minTicketSize":"50000000","maxTicketSize":"500000000","currencies":[],"transferTypes":[],"seniority":[],"marketType":"ANY","security":"ANY","greenLoan":"ANY","exportCreditAgency":"ANY","parentCountries":[],"investorType":[],"filterCompanies":[],"directInvitations":[]}

15:19:08.671 [ForkJoinPool-1-worker-3] INFO  com.intuit.karate - [print] ----------IOIID------------->552
15:19:08.675 [ForkJoinPool-1-worker-3] DEBUG com.intuit.karate - request:
1 > POST http://ilex-test-fe-lb-317145507.ap-southeast-1.elb.amazonaws.com/api/trade/v1/buyinterests/?action=SUBMITTED
1 > Accept-Encoding: gzip,deflate
1 > Connection: Keep-Alive
1 > Content-Length: 498
1 > Content-Type: application/json; charset=UTF-8
1 > Cookie: SESSION=NWMxMWI4OWYtM2MyMy00YTcwLWI5ZDktN2U3ZWYxMGNmYjBl
1 > Host: ilex-test-fe-lb-317145507.ap-southeast-1.elb.amazonaws.com
1 > User-Agent: Apache-HttpClient/4.5.5 (Java/13.0.2)
{"name":"ioi-100","goodUntil":null,"borrowers":[],"industries":["Aerospace and Defense"],"countriesOfRisk":["AU"],"purposes":[],"facilitiesType":[],"currencies":[],"minSpread":"0","maxSpread":"300","minTicketSize":"50000000","maxTicketSize":"500000000","minResidualTenor":"3","maxResidualTenor":"10","transferTypes":[],"marketType":"ANY","security":"ANY","seniority":[],"greenLoan":"ANY","exportCreditAgency":"ANY","parentCountries":[],"investorType":[],"filterCompanies":[],"directInvitations":[]}

15:19:09.035 [ForkJoinPool-1-worker-3] DEBUG com.intuit.karate - response time in milliseconds: 358.72
1 < 201
1 < Cache-Control: no-cache, no-store, max-age=0, must-revalidate
1 < Connection: keep-alive
1 < Content-Type: application/json
1 < Date: Sat, 18 Apr 2020 07:19:08 GMT
1 < Expires: 0
1 < Pragma: no-cache
1 < Server: nginx/1.17.9
1 < Transfer-Encoding: chunked
1 < Vary: [Origin, Access-Control-Request-Method, Access-Control-Request-Headers]
1 < X-Content-Type-Options: nosniff
1 < X-Frame-Options: DENY
1 < X-XSS-Protection: 1; mode=block
{"buyInterestId":553,"name":"ioi-100","goodUntil":null,"status":"SUBMITTED","borrowers":[],"industries":["Aerospace and Defense"],"countriesOfRisk":["AU"],"purposes":[],"facilitiesType":[],"minSpread":"0","maxSpread":"300","minResidualTenor":"3","maxResidualTenor":"10","minTicketSize":"50000000","maxTicketSize":"500000000","currencies":[],"transferTypes":[],"seniority":[],"marketType":"ANY","security":"ANY","greenLoan":"ANY","exportCreditAgency":"ANY","parentCountries":[],"investorType":[],"filterCompanies":[],"directInvitations":[]}

15:19:09.037 [ForkJoinPool-1-worker-3] INFO  com.intuit.karate - [print] ----------IOIID------------->553
15:19:09.041 [ForkJoinPool-1-worker-3] DEBUG com.intuit.karate - request:
1 > POST http://ilex-test-fe-lb-317145507.ap-southeast-1.elb.amazonaws.com/api/trade/v1/buyinterests/?action=SUBMITTED
1 > Accept-Encoding: gzip,deflate
1 > Connection: Keep-Alive
1 > Content-Length: 498
1 > Content-Type: application/json; charset=UTF-8
1 > Cookie: SESSION=NWMxMWI4OWYtM2MyMy00YTcwLWI5ZDktN2U3ZWYxMGNmYjBl
1 > Host: ilex-test-fe-lb-317145507.ap-southeast-1.elb.amazonaws.com
1 > User-Agent: Apache-HttpClient/4.5.5 (Java/13.0.2)
{"name":"ioi-100","goodUntil":null,"borrowers":[],"industries":["Aerospace and Defense"],"countriesOfRisk":["AU"],"purposes":[],"facilitiesType":[],"currencies":[],"minSpread":"0","maxSpread":"300","minTicketSize":"50000000","maxTicketSize":"500000000","minResidualTenor":"3","maxResidualTenor":"10","transferTypes":[],"marketType":"ANY","security":"ANY","seniority":[],"greenLoan":"ANY","exportCreditAgency":"ANY","parentCountries":[],"investorType":[],"filterCompanies":[],"directInvitations":[]}

15:19:09.344 [ForkJoinPool-1-worker-3] DEBUG com.intuit.karate - response time in milliseconds: 301.53
1 < 201
1 < Cache-Control: no-cache, no-store, max-age=0, must-revalidate
1 < Connection: keep-alive
1 < Content-Type: application/json
1 < Date: Sat, 18 Apr 2020 07:19:09 GMT
1 < Expires: 0
1 < Pragma: no-cache
1 < Server: nginx/1.17.9
1 < Transfer-Encoding: chunked
1 < Vary: [Origin, Access-Control-Request-Method, Access-Control-Request-Headers]
1 < X-Content-Type-Options: nosniff
1 < X-Frame-Options: DENY
1 < X-XSS-Protection: 1; mode=block
{"buyInterestId":554,"name":"ioi-100","goodUntil":null,"status":"SUBMITTED","borrowers":[],"industries":["Aerospace and Defense"],"countriesOfRisk":["AU"],"purposes":[],"facilitiesType":[],"minSpread":"0","maxSpread":"300","minResidualTenor":"3","maxResidualTenor":"10","minTicketSize":"50000000","maxTicketSize":"500000000","currencies":[],"transferTypes":[],"seniority":[],"marketType":"ANY","security":"ANY","greenLoan":"ANY","exportCreditAgency":"ANY","parentCountries":[],"investorType":[],"filterCompanies":[],"directInvitations":[]}

15:19:09.346 [ForkJoinPool-1-worker-3] INFO  com.intuit.karate - [print] ----------IOIID------------->554
15:19:09.353 [ForkJoinPool-1-worker-3] DEBUG com.intuit.karate - request:
1 > POST http://ilex-test-fe-lb-317145507.ap-southeast-1.elb.amazonaws.com/api/trade/v1/buyinterests/?action=SUBMITTED
1 > Accept-Encoding: gzip,deflate
1 > Connection: Keep-Alive
1 > Content-Length: 498
1 > Content-Type: application/json; charset=UTF-8
1 > Cookie: SESSION=NWMxMWI4OWYtM2MyMy00YTcwLWI5ZDktN2U3ZWYxMGNmYjBl
1 > Host: ilex-test-fe-lb-317145507.ap-southeast-1.elb.amazonaws.com
1 > User-Agent: Apache-HttpClient/4.5.5 (Java/13.0.2)
{"name":"ioi-100","goodUntil":null,"borrowers":[],"industries":["Aerospace and Defense"],"countriesOfRisk":["AU"],"purposes":[],"facilitiesType":[],"currencies":[],"minSpread":"0","maxSpread":"300","minTicketSize":"50000000","maxTicketSize":"500000000","minResidualTenor":"3","maxResidualTenor":"10","transferTypes":[],"marketType":"ANY","security":"ANY","seniority":[],"greenLoan":"ANY","exportCreditAgency":"ANY","parentCountries":[],"investorType":[],"filterCompanies":[],"directInvitations":[]}

15:19:09.748 [ForkJoinPool-1-worker-3] DEBUG com.intuit.karate - response time in milliseconds: 394.36
1 < 201
1 < Cache-Control: no-cache, no-store, max-age=0, must-revalidate
1 < Connection: keep-alive
1 < Content-Type: application/json
1 < Date: Sat, 18 Apr 2020 07:19:09 GMT
1 < Expires: 0
1 < Pragma: no-cache
1 < Server: nginx/1.17.9
1 < Transfer-Encoding: chunked
1 < Vary: [Origin, Access-Control-Request-Method, Access-Control-Request-Headers]
1 < X-Content-Type-Options: nosniff
1 < X-Frame-Options: DENY
1 < X-XSS-Protection: 1; mode=block
{"buyInterestId":555,"name":"ioi-100","goodUntil":null,"status":"SUBMITTED","borrowers":[],"industries":["Aerospace and Defense"],"countriesOfRisk":["AU"],"purposes":[],"facilitiesType":[],"minSpread":"0","maxSpread":"300","minResidualTenor":"3","maxResidualTenor":"10","minTicketSize":"50000000","maxTicketSize":"500000000","currencies":[],"transferTypes":[],"seniority":[],"marketType":"ANY","security":"ANY","greenLoan":"ANY","exportCreditAgency":"ANY","parentCountries":[],"investorType":[],"filterCompanies":[],"directInvitations":[]}

15:19:09.751 [ForkJoinPool-1-worker-3] INFO  com.intuit.karate - [print] ----------IOIID------------->555
15:19:09.755 [ForkJoinPool-1-worker-3] DEBUG com.intuit.karate - request:
1 > POST http://ilex-test-fe-lb-317145507.ap-southeast-1.elb.amazonaws.com/api/trade/v1/buyinterests/?action=SUBMITTED
1 > Accept-Encoding: gzip,deflate
1 > Connection: Keep-Alive
1 > Content-Length: 498
1 > Content-Type: application/json; charset=UTF-8
1 > Cookie: SESSION=NWMxMWI4OWYtM2MyMy00YTcwLWI5ZDktN2U3ZWYxMGNmYjBl
1 > Host: ilex-test-fe-lb-317145507.ap-southeast-1.elb.amazonaws.com
1 > User-Agent: Apache-HttpClient/4.5.5 (Java/13.0.2)
{"name":"ioi-100","goodUntil":null,"borrowers":[],"industries":["Aerospace and Defense"],"countriesOfRisk":["AU"],"purposes":[],"facilitiesType":[],"currencies":[],"minSpread":"0","maxSpread":"300","minTicketSize":"50000000","maxTicketSize":"500000000","minResidualTenor":"3","maxResidualTenor":"10","transferTypes":[],"marketType":"ANY","security":"ANY","seniority":[],"greenLoan":"ANY","exportCreditAgency":"ANY","parentCountries":[],"investorType":[],"filterCompanies":[],"directInvitations":[]}

15:19:10.053 [ForkJoinPool-1-worker-3] DEBUG com.intuit.karate - response time in milliseconds: 295.36
1 < 201
1 < Cache-Control: no-cache, no-store, max-age=0, must-revalidate
1 < Connection: keep-alive
1 < Content-Type: application/json
1 < Date: Sat, 18 Apr 2020 07:19:10 GMT
1 < Expires: 0
1 < Pragma: no-cache
1 < Server: nginx/1.17.9
1 < Transfer-Encoding: chunked
1 < Vary: [Origin, Access-Control-Request-Method, Access-Control-Request-Headers]
1 < X-Content-Type-Options: nosniff
1 < X-Frame-Options: DENY
1 < X-XSS-Protection: 1; mode=block
{"buyInterestId":556,"name":"ioi-100","goodUntil":null,"status":"SUBMITTED","borrowers":[],"industries":["Aerospace and Defense"],"countriesOfRisk":["AU"],"purposes":[],"facilitiesType":[],"minSpread":"0","maxSpread":"300","minResidualTenor":"3","maxResidualTenor":"10","minTicketSize":"50000000","maxTicketSize":"500000000","currencies":[],"transferTypes":[],"seniority":[],"marketType":"ANY","security":"ANY","greenLoan":"ANY","exportCreditAgency":"ANY","parentCountries":[],"investorType":[],"filterCompanies":[],"directInvitations":[]}

15:19:10.056 [ForkJoinPool-1-worker-3] INFO  com.intuit.karate - [print] ----------IOIID------------->556
15:19:10.059 [ForkJoinPool-1-worker-3] DEBUG com.intuit.karate - request:
1 > POST http://ilex-test-fe-lb-317145507.ap-southeast-1.elb.amazonaws.com/api/trade/v1/buyinterests/?action=SUBMITTED
1 > Accept-Encoding: gzip,deflate
1 > Connection: Keep-Alive
1 > Content-Length: 498
1 > Content-Type: application/json; charset=UTF-8
1 > Cookie: SESSION=NWMxMWI4OWYtM2MyMy00YTcwLWI5ZDktN2U3ZWYxMGNmYjBl
1 > Host: ilex-test-fe-lb-317145507.ap-southeast-1.elb.amazonaws.com
1 > User-Agent: Apache-HttpClient/4.5.5 (Java/13.0.2)
{"name":"ioi-100","goodUntil":null,"borrowers":[],"industries":["Aerospace and Defense"],"countriesOfRisk":["AU"],"purposes":[],"facilitiesType":[],"currencies":[],"minSpread":"0","maxSpread":"300","minTicketSize":"50000000","maxTicketSize":"500000000","minResidualTenor":"3","maxResidualTenor":"10","transferTypes":[],"marketType":"ANY","security":"ANY","seniority":[],"greenLoan":"ANY","exportCreditAgency":"ANY","parentCountries":[],"investorType":[],"filterCompanies":[],"directInvitations":[]}

15:19:10.466 [ForkJoinPool-1-worker-3] DEBUG com.intuit.karate - response time in milliseconds: 405.66
1 < 201
1 < Cache-Control: no-cache, no-store, max-age=0, must-revalidate
1 < Connection: keep-alive
1 < Content-Type: application/json
1 < Date: Sat, 18 Apr 2020 07:19:10 GMT
1 < Expires: 0
1 < Pragma: no-cache
1 < Server: nginx/1.17.9
1 < Transfer-Encoding: chunked
1 < Vary: [Origin, Access-Control-Request-Method, Access-Control-Request-Headers]
1 < X-Content-Type-Options: nosniff
1 < X-Frame-Options: DENY
1 < X-XSS-Protection: 1; mode=block
{"buyInterestId":557,"name":"ioi-100","goodUntil":null,"status":"SUBMITTED","borrowers":[],"industries":["Aerospace and Defense"],"countriesOfRisk":["AU"],"purposes":[],"facilitiesType":[],"minSpread":"0","maxSpread":"300","minResidualTenor":"3","maxResidualTenor":"10","minTicketSize":"50000000","maxTicketSize":"500000000","currencies":[],"transferTypes":[],"seniority":[],"marketType":"ANY","security":"ANY","greenLoan":"ANY","exportCreditAgency":"ANY","parentCountries":[],"investorType":[],"filterCompanies":[],"directInvitations":[]}

15:19:10.468 [ForkJoinPool-1-worker-3] INFO  com.intuit.karate - [print] ----------IOIID------------->557
15:19:10.471 [ForkJoinPool-1-worker-3] DEBUG com.intuit.karate - request:
1 > POST http://ilex-test-fe-lb-317145507.ap-southeast-1.elb.amazonaws.com/api/trade/v1/buyinterests/?action=SUBMITTED
1 > Accept-Encoding: gzip,deflate
1 > Connection: Keep-Alive
1 > Content-Length: 498
1 > Content-Type: application/json; charset=UTF-8
1 > Cookie: SESSION=NWMxMWI4OWYtM2MyMy00YTcwLWI5ZDktN2U3ZWYxMGNmYjBl
1 > Host: ilex-test-fe-lb-317145507.ap-southeast-1.elb.amazonaws.com
1 > User-Agent: Apache-HttpClient/4.5.5 (Java/13.0.2)
{"name":"ioi-100","goodUntil":null,"borrowers":[],"industries":["Aerospace and Defense"],"countriesOfRisk":["AU"],"purposes":[],"facilitiesType":[],"currencies":[],"minSpread":"0","maxSpread":"300","minTicketSize":"50000000","maxTicketSize":"500000000","minResidualTenor":"3","maxResidualTenor":"10","transferTypes":[],"marketType":"ANY","security":"ANY","seniority":[],"greenLoan":"ANY","exportCreditAgency":"ANY","parentCountries":[],"investorType":[],"filterCompanies":[],"directInvitations":[]}

15:19:10.765 [ForkJoinPool-1-worker-3] DEBUG com.intuit.karate - response time in milliseconds: 293.28
1 < 201
1 < Cache-Control: no-cache, no-store, max-age=0, must-revalidate
1 < Connection: keep-alive
1 < Content-Type: application/json
1 < Date: Sat, 18 Apr 2020 07:19:10 GMT
1 < Expires: 0
1 < Pragma: no-cache
1 < Server: nginx/1.17.9
1 < Transfer-Encoding: chunked
1 < Vary: [Origin, Access-Control-Request-Method, Access-Control-Request-Headers]
1 < X-Content-Type-Options: nosniff
1 < X-Frame-Options: DENY
1 < X-XSS-Protection: 1; mode=block
{"buyInterestId":558,"name":"ioi-100","goodUntil":null,"status":"SUBMITTED","borrowers":[],"industries":["Aerospace and Defense"],"countriesOfRisk":["AU"],"purposes":[],"facilitiesType":[],"minSpread":"0","maxSpread":"300","minResidualTenor":"3","maxResidualTenor":"10","minTicketSize":"50000000","maxTicketSize":"500000000","currencies":[],"transferTypes":[],"seniority":[],"marketType":"ANY","security":"ANY","greenLoan":"ANY","exportCreditAgency":"ANY","parentCountries":[],"investorType":[],"filterCompanies":[],"directInvitations":[]}

15:19:10.767 [ForkJoinPool-1-worker-3] INFO  com.intuit.karate - [print] ----------IOIID------------->558
15:19:10.770 [ForkJoinPool-1-worker-3] DEBUG com.intuit.karate - request:
1 > POST http://ilex-test-fe-lb-317145507.ap-southeast-1.elb.amazonaws.com/api/trade/v1/buyinterests/?action=SUBMITTED
1 > Accept-Encoding: gzip,deflate
1 > Connection: Keep-Alive
1 > Content-Length: 498
1 > Content-Type: application/json; charset=UTF-8
1 > Cookie: SESSION=NWMxMWI4OWYtM2MyMy00YTcwLWI5ZDktN2U3ZWYxMGNmYjBl
1 > Host: ilex-test-fe-lb-317145507.ap-southeast-1.elb.amazonaws.com
1 > User-Agent: Apache-HttpClient/4.5.5 (Java/13.0.2)
{"name":"ioi-100","goodUntil":null,"borrowers":[],"industries":["Aerospace and Defense"],"countriesOfRisk":["AU"],"purposes":[],"facilitiesType":[],"currencies":[],"minSpread":"0","maxSpread":"300","minTicketSize":"50000000","maxTicketSize":"500000000","minResidualTenor":"3","maxResidualTenor":"10","transferTypes":[],"marketType":"ANY","security":"ANY","seniority":[],"greenLoan":"ANY","exportCreditAgency":"ANY","parentCountries":[],"investorType":[],"filterCompanies":[],"directInvitations":[]}

15:19:11.057 [ForkJoinPool-1-worker-3] DEBUG com.intuit.karate - response time in milliseconds: 286.54
1 < 201
1 < Cache-Control: no-cache, no-store, max-age=0, must-revalidate
1 < Connection: keep-alive
1 < Content-Type: application/json
1 < Date: Sat, 18 Apr 2020 07:19:11 GMT
1 < Expires: 0
1 < Pragma: no-cache
1 < Server: nginx/1.17.9
1 < Transfer-Encoding: chunked
1 < Vary: [Origin, Access-Control-Request-Method, Access-Control-Request-Headers]
1 < X-Content-Type-Options: nosniff
1 < X-Frame-Options: DENY
1 < X-XSS-Protection: 1; mode=block
{"buyInterestId":559,"name":"ioi-100","goodUntil":null,"status":"SUBMITTED","borrowers":[],"industries":["Aerospace and Defense"],"countriesOfRisk":["AU"],"purposes":[],"facilitiesType":[],"minSpread":"0","maxSpread":"300","minResidualTenor":"3","maxResidualTenor":"10","minTicketSize":"50000000","maxTicketSize":"500000000","currencies":[],"transferTypes":[],"seniority":[],"marketType":"ANY","security":"ANY","greenLoan":"ANY","exportCreditAgency":"ANY","parentCountries":[],"investorType":[],"filterCompanies":[],"directInvitations":[]}

15:19:11.059 [ForkJoinPool-1-worker-3] INFO  com.intuit.karate - [print] ----------IOIID------------->559
15:19:11.063 [ForkJoinPool-1-worker-3] DEBUG com.intuit.karate - request:
1 > POST http://ilex-test-fe-lb-317145507.ap-southeast-1.elb.amazonaws.com/api/trade/v1/buyinterests/?action=SUBMITTED
1 > Accept-Encoding: gzip,deflate
1 > Connection: Keep-Alive
1 > Content-Length: 498
1 > Content-Type: application/json; charset=UTF-8
1 > Cookie: SESSION=NWMxMWI4OWYtM2MyMy00YTcwLWI5ZDktN2U3ZWYxMGNmYjBl
1 > Host: ilex-test-fe-lb-317145507.ap-southeast-1.elb.amazonaws.com
1 > User-Agent: Apache-HttpClient/4.5.5 (Java/13.0.2)
{"name":"ioi-100","goodUntil":null,"borrowers":[],"industries":["Aerospace and Defense"],"countriesOfRisk":["AU"],"purposes":[],"facilitiesType":[],"currencies":[],"minSpread":"0","maxSpread":"300","minTicketSize":"50000000","maxTicketSize":"500000000","minResidualTenor":"3","maxResidualTenor":"10","transferTypes":[],"marketType":"ANY","security":"ANY","seniority":[],"greenLoan":"ANY","exportCreditAgency":"ANY","parentCountries":[],"investorType":[],"filterCompanies":[],"directInvitations":[]}

15:19:11.398 [ForkJoinPool-1-worker-3] DEBUG com.intuit.karate - response time in milliseconds: 334.58
1 < 201
1 < Cache-Control: no-cache, no-store, max-age=0, must-revalidate
1 < Connection: keep-alive
1 < Content-Type: application/json
1 < Date: Sat, 18 Apr 2020 07:19:11 GMT
1 < Expires: 0
1 < Pragma: no-cache
1 < Server: nginx/1.17.9
1 < Transfer-Encoding: chunked
1 < Vary: [Origin, Access-Control-Request-Method, Access-Control-Request-Headers]
1 < X-Content-Type-Options: nosniff
1 < X-Frame-Options: DENY
1 < X-XSS-Protection: 1; mode=block
{"buyInterestId":560,"name":"ioi-100","goodUntil":null,"status":"SUBMITTED","borrowers":[],"industries":["Aerospace and Defense"],"countriesOfRisk":["AU"],"purposes":[],"facilitiesType":[],"minSpread":"0","maxSpread":"300","minResidualTenor":"3","maxResidualTenor":"10","minTicketSize":"50000000","maxTicketSize":"500000000","currencies":[],"transferTypes":[],"seniority":[],"marketType":"ANY","security":"ANY","greenLoan":"ANY","exportCreditAgency":"ANY","parentCountries":[],"investorType":[],"filterCompanies":[],"directInvitations":[]}

15:19:11.401 [ForkJoinPool-1-worker-3] INFO  com.intuit.karate - [print] ----------IOIID------------->560
15:19:11.404 [ForkJoinPool-1-worker-3] DEBUG com.intuit.karate - request:
1 > POST http://ilex-test-fe-lb-317145507.ap-southeast-1.elb.amazonaws.com/api/trade/v1/buyinterests/?action=SUBMITTED
1 > Accept-Encoding: gzip,deflate
1 > Connection: Keep-Alive
1 > Content-Length: 498
1 > Content-Type: application/json; charset=UTF-8
1 > Cookie: SESSION=NWMxMWI4OWYtM2MyMy00YTcwLWI5ZDktN2U3ZWYxMGNmYjBl
1 > Host: ilex-test-fe-lb-317145507.ap-southeast-1.elb.amazonaws.com
1 > User-Agent: Apache-HttpClient/4.5.5 (Java/13.0.2)
{"name":"ioi-100","goodUntil":null,"borrowers":[],"industries":["Aerospace and Defense"],"countriesOfRisk":["AU"],"purposes":[],"facilitiesType":[],"currencies":[],"minSpread":"0","maxSpread":"300","minTicketSize":"50000000","maxTicketSize":"500000000","minResidualTenor":"3","maxResidualTenor":"10","transferTypes":[],"marketType":"ANY","security":"ANY","seniority":[],"greenLoan":"ANY","exportCreditAgency":"ANY","parentCountries":[],"investorType":[],"filterCompanies":[],"directInvitations":[]}

15:19:11.815 [ForkJoinPool-1-worker-3] DEBUG com.intuit.karate - response time in milliseconds: 409.83
1 < 201
1 < Cache-Control: no-cache, no-store, max-age=0, must-revalidate
1 < Connection: keep-alive
1 < Content-Type: application/json
1 < Date: Sat, 18 Apr 2020 07:19:11 GMT
1 < Expires: 0
1 < Pragma: no-cache
1 < Server: nginx/1.17.9
1 < Transfer-Encoding: chunked
1 < Vary: [Origin, Access-Control-Request-Method, Access-Control-Request-Headers]
1 < X-Content-Type-Options: nosniff
1 < X-Frame-Options: DENY
1 < X-XSS-Protection: 1; mode=block
{"buyInterestId":561,"name":"ioi-100","goodUntil":null,"status":"SUBMITTED","borrowers":[],"industries":["Aerospace and Defense"],"countriesOfRisk":["AU"],"purposes":[],"facilitiesType":[],"minSpread":"0","maxSpread":"300","minResidualTenor":"3","maxResidualTenor":"10","minTicketSize":"50000000","maxTicketSize":"500000000","currencies":[],"transferTypes":[],"seniority":[],"marketType":"ANY","security":"ANY","greenLoan":"ANY","exportCreditAgency":"ANY","parentCountries":[],"investorType":[],"filterCompanies":[],"directInvitations":[]}

15:19:11.817 [ForkJoinPool-1-worker-3] INFO  com.intuit.karate - [print] ----------IOIID------------->561
15:19:11.825 [ForkJoinPool-1-worker-3] DEBUG com.intuit.karate - request:
1 > POST http://ilex-test-fe-lb-317145507.ap-southeast-1.elb.amazonaws.com/api/trade/login
1 > Accept-Encoding: gzip,deflate
1 > Connection: Keep-Alive
1 > Content-Length: 51
1 > Content-Type: application/json; charset=UTF-8
1 > Host: ilex-test-fe-lb-317145507.ap-southeast-1.elb.amazonaws.com
1 > User-Agent: Apache-HttpClient/4.5.5 (Java/13.0.2)
{"username":"Buyer@comp.com","password":"password"}

15:19:12.023 [ForkJoinPool-1-worker-3] DEBUG com.intuit.karate - response time in milliseconds: 196.62
1 < 200
1 < Cache-Control: no-cache, no-store, max-age=0, must-revalidate
1 < Connection: keep-alive
1 < Content-Type: application/json;charset=ISO-8859-1
1 < Date: Sat, 18 Apr 2020 07:19:12 GMT
1 < Expires: 0
1 < Pragma: no-cache
1 < Server: nginx/1.17.9
1 < Set-Cookie: SESSION=YTBkNjQ4OWMtNjA5YS00ZGFhLWIyOGYtYzZmZmI4MzlmNWFj; Path=/; HttpOnly; SameSite=Lax
1 < Transfer-Encoding: chunked
1 < X-Content-Type-Options: nosniff
1 < X-Frame-Options: DENY
1 < X-XSS-Protection: 1; mode=block
{"firstName":"Test Buyer","lastName":"Lastname","emailAddress":"Buyer@comp.com","role":["USER"],"userId":2,"company":{"id":39347,"name":"Scotiabank","legalName":null,"type":null,"description":null,"parentEntity":null,"country":null,"website":null,"logo":null,"refinitivLenderId":null,"refinitivParent":null,"ilexType":null,"timeZone":null,"status":null}}

15:19:12.026 [ForkJoinPool-1-worker-3] INFO  com.intuit.karate - [print]
15:19:22.044 [ForkJoinPool-1-worker-3] INFO  com.intuit.karate - [print] Count After Creating IOI-----------------> 0
15:19:22.055 [ForkJoinPool-1-worker-3] ERROR com.intuit.karate - assertion failed: assert evaluated to false: temp == '11'
15:19:22.196 [pool-1-thread-1] INFO  com.intuit.karate.Runner - <<fail>> feature 1 of 1: classpath:Ilex/IOI/IOI.feature
